2022-02-22 18:24:13,576 [main] INFO  com.foodmenuclient.view.MainUI - Loaded Log4J Properties from G:\My Drive\Stanfill_Files\Other_Documents\Zach\Regis University\Graduate\Classes\Programming\my_json_application\config\log4j2.properties
2022-02-22 18:24:14,182 [main] INFO  com.foodmenuclient.view.LoginJFrame - LoginJFrame Class Instantiated
2022-02-22 18:24:26,840 [AWT-EventQueue-0] INFO  com.foodmenuclient.view.LoginJFrame - Attempting to Authenticate User zstanfill@regis.edu
2022-02-22 18:24:29,244 [AWT-EventQueue-0] INFO  com.foodmenuclient.view.LoginJFrame - Authentication Succeeded for User zstanfill@regis.edu
2022-02-22 18:24:29,470 [AWT-EventQueue-0] INFO  com.foodmenuclient.view.FoodMenuJFrame - FoodMenuJFrame Instantiated
2022-02-22 18:24:29,470 [AWT-EventQueue-0] INFO  com.foodmenuclient.view.FoodMenuJFrame - Set User zstanfill@regis.edu for Session
2022-02-22 18:24:30,228 [AWT-EventQueue-0] INFO  com.foodmenuclient.view.FoodMenuJFrame - Successfully retrieved Users for User zstanfill@regis.edu session
2022-02-22 18:24:30,462 [AWT-EventQueue-0] INFO  com.foodmenuclient.view.FoodMenuJFrame - Successfully retrieved FoodItems for User zstanfill@regis.edu session
2022-02-22 18:24:30,790 [AWT-EventQueue-0] INFO  com.foodmenuclient.view.FoodMenuJFrame - Successfully retrieved MenuItems for User zstanfill@regis.edu session
2022-02-22 18:24:31,131 [AWT-EventQueue-0] INFO  com.foodmenuclient.view.FoodMenuJFrame - Successfully retrieved DayMenus for User zstanfill@regis.edu session
2022-02-22 18:24:31,132 [AWT-EventQueue-0] INFO  com.foodmenuclient.view.LoginJFrame - FoodMenuJFrame User set for User zstanfill@regis.edu
2022-02-22 18:50:00,696 [main] INFO  com.foodmenuclient.view.MainUI - Loaded Log4J Properties from G:\My Drive\Stanfill_Files\Other_Documents\Zach\Regis University\Graduate\Classes\Programming\my_json_application\config\log4j2.properties
2022-02-22 18:50:00,943 [main] INFO  com.foodmenuclient.view.LoginJFrame - LoginJFrame Class Instantiated
2022-02-22 18:51:40,056 [AWT-EventQueue-0] INFO  com.foodmenuclient.view.LoginJFrame - Attempting to Authenticate User zstanfill@regis.edu
2022-02-22 18:52:33,517 [AWT-EventQueue-0] INFO  com.foodmenuclient.view.LoginJFrame - Authentication Succeeded for User zstanfill@regis.edu
2022-02-22 18:52:33,648 [AWT-EventQueue-0] INFO  com.foodmenuclient.view.FoodMenuJFrame - FoodMenuJFrame Instantiated
2022-02-22 18:52:33,648 [AWT-EventQueue-0] INFO  com.foodmenuclient.view.FoodMenuJFrame - Set User zstanfill@regis.edu for Session
2022-02-22 18:52:34,302 [AWT-EventQueue-0] INFO  com.foodmenuclient.view.FoodMenuJFrame - Successfully retrieved Users for User zstanfill@regis.edu session
2022-02-22 18:52:34,532 [AWT-EventQueue-0] INFO  com.foodmenuclient.view.FoodMenuJFrame - Successfully retrieved FoodItems for User zstanfill@regis.edu session
2022-02-22 18:52:34,858 [AWT-EventQueue-0] INFO  com.foodmenuclient.view.FoodMenuJFrame - Successfully retrieved MenuItems for User zstanfill@regis.edu session
2022-02-22 18:52:35,206 [AWT-EventQueue-0] INFO  com.foodmenuclient.view.FoodMenuJFrame - Successfully retrieved DayMenus for User zstanfill@regis.edu session
2022-02-22 18:52:35,207 [AWT-EventQueue-0] INFO  com.foodmenuclient.view.LoginJFrame - FoodMenuJFrame User set for User zstanfill@regis.edu
2022-02-22 18:57:41,746 [AWT-EventQueue-0] INFO  com.foodmenuclient.view.FoodMenuJFrame - User user@not.areal.email was successfully deleted by zstanfill@regis.edu
